[06-Dec-2018 18:39:40 UTC] PHP Fatal error:  Uncaught exception 'PDOException' with message 'SQLSTATE[42S22]: Column not found: 1054 Unknown column 'one' in 'field list'' in /home/ubuntu/workspace/cst352/practice/video/index.php:29
Stack trace:
#0 /home/ubuntu/workspace/cst352/practice/video/index.php(29): PDOStatement->execute(Array)
#1 {main}
  thrown in /home/ubuntu/workspace/cst352/practice/video/index.php on line 29
[06-Dec-2018 18:52:40 UTC] PHP Parse error:  syntax error, unexpected '}' in /home/ubuntu/workspace/cst352/practice/video/index.php on line 7
[06-Dec-2018 19:04:00 UTC] PHP Parse error:  syntax error, unexpected end of file in /home/ubuntu/workspace/cst352/practice/video/api.php on line 44
[06-Dec-2018 19:04:00 UTC] PHP Stack trace:
[06-Dec-2018 19:04:00 UTC] PHP   1. {main}() /home/ubuntu/workspace/cst352/practice/video/index.php:0
[06-Dec-2018 19:05:24 UTC] PHP Parse error:  syntax error, unexpected end of file in /home/ubuntu/workspace/cst352/practice/video/insertApi.php on line 20
[06-Dec-2018 19:05:24 UTC] PHP Stack trace:
[06-Dec-2018 19:05:24 UTC] PHP   1. {main}() /home/ubuntu/workspace/cst352/practice/video/index.php:0
[06-Dec-2018 19:05:46 UTC] PHP Parse error:  syntax error, unexpected end of file in /home/ubuntu/workspace/cst352/practice/video/insertApi.php on line 20
[06-Dec-2018 19:05:46 UTC] PHP Stack trace:
[06-Dec-2018 19:05:46 UTC] PHP   1. {main}() /home/ubuntu/workspace/cst352/practice/video/index.php:0
[06-Dec-2018 19:05:54 UTC] PHP Parse error:  syntax error, unexpected end of file in /home/ubuntu/workspace/cst352/practice/video/insertApi.php on line 20
[06-Dec-2018 19:05:54 UTC] PHP Stack trace:
[06-Dec-2018 19:05:54 UTC] PHP   1. {main}() /home/ubuntu/workspace/cst352/practice/video/index.php:0
[06-Dec-2018 19:18:10 UTC] PHP Parse error:  syntax error, unexpected end of file in /home/ubuntu/workspace/cst352/practice/video/api.php on line 32
[06-Dec-2018 19:18:10 UTC] PHP Stack trace:
[06-Dec-2018 19:18:10 UTC] PHP   1. {main}() /home/ubuntu/workspace/cst352/practice/video/index.php:0
[06-Dec-2018 19:18:40 UTC] PHP Fatal error:  Cannot redeclare getConnection() (previously declared in /home/ubuntu/workspace/cst352/practice/video/sqlConnection.php:3) in /home/ubuntu/workspace/cst352/practice/video/sqlConnection.php on line 3
[06-Dec-2018 19:18:40 UTC] PHP Stack trace:
[06-Dec-2018 19:18:40 UTC] PHP   1. {main}() /home/ubuntu/workspace/cst352/practice/video/index.php:0
[06-Dec-2018 19:18:40 UTC] PHP   2. include() /home/ubuntu/workspace/cst352/practice/video/index.php:28
[06-Dec-2018 19:19:58 UTC] PHP Fatal error:  Cannot redeclare getConnection() (previously declared in /home/ubuntu/workspace/cst352/practice/video/sqlConnection.php:3) in /home/ubuntu/workspace/cst352/practice/video/sqlConnection.php on line 3
[06-Dec-2018 19:19:58 UTC] PHP Stack trace:
[06-Dec-2018 19:19:58 UTC] PHP   1. {main}() /home/ubuntu/workspace/cst352/practice/video/index.php:0
[06-Dec-2018 19:19:58 UTC] PHP   2. include() /home/ubuntu/workspace/cst352/practice/video/index.php:28
