[11-Dec-2018 21:30:49 UTC] PHP Parse error:  syntax error, unexpected '<' in /home/ubuntu/workspace/cst352/finalproject/adminBooks.php on line 166
[11-Dec-2018 21:40:52 UTC] PHP Fatal error:  Call to undefined function displaySearchBooks() in /home/ubuntu/workspace/cst352/finalproject/searchBook.php on line 101
[11-Dec-2018 21:40:52 UTC] PHP Stack trace:
[11-Dec-2018 21:40:52 UTC] PHP   1. {main}() /home/ubuntu/workspace/cst352/finalproject/searchBook.php:0
[11-Dec-2018 21:41:29 UTC] PHP Fatal error:  Call to undefined function displaySearchBooks() in /home/ubuntu/workspace/cst352/finalproject/searchBook.php on line 126
[11-Dec-2018 21:41:29 UTC] PHP Stack trace:
[11-Dec-2018 21:41:29 UTC] PHP   1. {main}() /home/ubuntu/workspace/cst352/finalproject/searchBook.php:0
[11-Dec-2018 22:05:48 UTC] PHP Fatal error:  Call to undefined function bookCount() in /home/ubuntu/workspace/cst352/finalproject/adminBooks.php on line 153
[11-Dec-2018 22:05:48 UTC] PHP Stack trace:
[11-Dec-2018 22:05:48 UTC] PHP   1. {main}() /home/ubuntu/workspace/cst352/finalproject/adminBooks.php:0
[11-Dec-2018 22:18:23 UTC] PHP Fatal error:  Uncaught exception 'PDOException' with message 'SQLSTATE[42000]: Syntax error or access violation: 1064 You have an error in your SQL syntax; check the manual that corresponds to your MySQL server version for the right syntax to use near 'picture, genre, author, bio
            FROM `b_book` 
            WHERE bookId ' at line 1' in /home/ubuntu/workspace/cst352/finalproject/bookInfo.php:20
Stack trace:
#0 /home/ubuntu/workspace/cst352/finalproject/bookInfo.php(20): PDOStatement->execute()
#1 /home/ubuntu/workspace/cst352/finalproject/bookInfo.php(27): getBookInfo()
#2 {main}
  thrown in /home/ubuntu/workspace/cst352/finalproject/bookInfo.php on line 20
[11-Dec-2018 22:22:28 UTC] PHP Fatal error:  Uncaught exception 'PDOException' with message 'SQLSTATE[42000]: Syntax error or access violation: 1064 You have an error in your SQL syntax; check the manual that corresponds to your MySQL server version for the right syntax to use near 'picture, genre, author, bio
            FROM `b_book` 
            WHERE bookId ' at line 1' in /home/ubuntu/workspace/cst352/finalproject/bookInfo.php:20
Stack trace:
#0 /home/ubuntu/workspace/cst352/finalproject/bookInfo.php(20): PDOStatement->execute()
#1 /home/ubuntu/workspace/cst352/finalproject/bookInfo.php(27): getBookInfo()
#2 {main}
  thrown in /home/ubuntu/workspace/cst352/finalproject/bookInfo.php on line 20
[11-Dec-2018 22:28:33 UTC] PHP Fatal error:  Uncaught exception 'PDOException' with message 'SQLSTATE[42000]: Syntax error or access violation: 1064 You have an error in your SQL syntax; check the manual that corresponds to your MySQL server version for the right syntax to use near 'picture, genre, author, bio
            FROM `b_book` 
            WHERE bookId ' at line 1' in /home/ubuntu/workspace/cst352/finalproject/bookInfo.php:20
Stack trace:
#0 /home/ubuntu/workspace/cst352/finalproject/bookInfo.php(20): PDOStatement->execute()
#1 /home/ubuntu/workspace/cst352/finalproject/bookInfo.php(27): getBookInfo()
#2 {main}
  thrown in /home/ubuntu/workspace/cst352/finalproject/bookInfo.php on line 20
[11-Dec-2018 23:26:12 UTC] PHP Fatal error:  Uncaught exception 'PDOException' with message 'SQLSTATE[42000]: Syntax error or access violation: 1064 You have an error in your SQL syntax; check the manual that corresponds to your MySQL server version for the right syntax to use near 'picture, genre, author, bio
            FROM `b_book` 
            WHERE bookId ' at line 1' in /home/ubuntu/workspace/cst352/finalproject/bookInfo.php:20
Stack trace:
#0 /home/ubuntu/workspace/cst352/finalproject/bookInfo.php(20): PDOStatement->execute()
#1 /home/ubuntu/workspace/cst352/finalproject/bookInfo.php(29): getBookInfo()
#2 {main}
  thrown in /home/ubuntu/workspace/cst352/finalproject/bookInfo.php on line 20
[11-Dec-2018 23:26:22 UTC] PHP Fatal error:  Uncaught exception 'PDOException' with message 'SQLSTATE[42000]: Syntax error or access violation: 1064 You have an error in your SQL syntax; check the manual that corresponds to your MySQL server version for the right syntax to use near 'picture, genre, author, bio
            FROM `b_book` 
            WHERE bookId ' at line 1' in /home/ubuntu/workspace/cst352/finalproject/bookInfo.php:20
Stack trace:
#0 /home/ubuntu/workspace/cst352/finalproject/bookInfo.php(20): PDOStatement->execute()
#1 /home/ubuntu/workspace/cst352/finalproject/bookInfo.php(29): getBookInfo()
#2 {main}
  thrown in /home/ubuntu/workspace/cst352/finalproject/bookInfo.php on line 20
[11-Dec-2018 23:27:26 UTC] PHP Fatal error:  Uncaught exception 'PDOException' with message 'SQLSTATE[42000]: Syntax error or access violation: 1064 You have an error in your SQL syntax; check the manual that corresponds to your MySQL server version for the right syntax to use near 'picture, genre, author, bio
            FROM `b_book` 
            WHERE bookId ' at line 1' in /home/ubuntu/workspace/cst352/finalproject/bookInfo.php:20
Stack trace:
#0 /home/ubuntu/workspace/cst352/finalproject/bookInfo.php(20): PDOStatement->execute()
#1 /home/ubuntu/workspace/cst352/finalproject/bookInfo.php(29): getBookInfo()
#2 {main}
  thrown in /home/ubuntu/workspace/cst352/finalproject/bookInfo.php on line 20
[11-Dec-2018 23:29:02 UTC] PHP Fatal error:  Uncaught exception 'PDOException' with message 'SQLSTATE[42000]: Syntax error or access violation: 1064 You have an error in your SQL syntax; check the manual that corresponds to your MySQL server version for the right syntax to use near 'picture, genre, author, bio
            FROM `b_book` 
            WHERE bookId ' at line 1' in /home/ubuntu/workspace/cst352/finalproject/bookInfo.php:20
Stack trace:
#0 /home/ubuntu/workspace/cst352/finalproject/bookInfo.php(20): PDOStatement->execute()
#1 /home/ubuntu/workspace/cst352/finalproject/bookInfo.php(29): getBookInfo()
#2 {main}
  thrown in /home/ubuntu/workspace/cst352/finalproject/bookInfo.php on line 20
[11-Dec-2018 23:30:38 UTC] PHP Fatal error:  Uncaught exception 'PDOException' with message 'SQLSTATE[42000]: Syntax error or access violation: 1064 You have an error in your SQL syntax; check the manual that corresponds to your MySQL server version for the right syntax to use near 'picture, genre, author, bio
            FROM `b_book` 
            WHERE bookId ' at line 1' in /home/ubuntu/workspace/cst352/finalproject/bookInfo.php:20
Stack trace:
#0 /home/ubuntu/workspace/cst352/finalproject/bookInfo.php(20): PDOStatement->execute()
#1 /home/ubuntu/workspace/cst352/finalproject/bookInfo.php(29): getBookInfo()
#2 {main}
  thrown in /home/ubuntu/workspace/cst352/finalproject/bookInfo.php on line 20
[11-Dec-2018 23:30:43 UTC] PHP Fatal error:  Uncaught exception 'PDOException' with message 'SQLSTATE[42000]: Syntax error or access violation: 1064 You have an error in your SQL syntax; check the manual that corresponds to your MySQL server version for the right syntax to use near 'picture, genre, author, bio
            FROM `b_book` 
            WHERE bookId ' at line 1' in /home/ubuntu/workspace/cst352/finalproject/bookInfo.php:20
Stack trace:
#0 /home/ubuntu/workspace/cst352/finalproject/bookInfo.php(20): PDOStatement->execute()
#1 /home/ubuntu/workspace/cst352/finalproject/bookInfo.php(29): getBookInfo()
#2 {main}
  thrown in /home/ubuntu/workspace/cst352/finalproject/bookInfo.php on line 20
[11-Dec-2018 23:31:35 UTC] PHP Fatal error:  Uncaught exception 'PDOException' with message 'SQLSTATE[42000]: Syntax error or access violation: 1064 You have an error in your SQL syntax; check the manual that corresponds to your MySQL server version for the right syntax to use near 'picture, genre, author, bio
            FROM `b_book` 
            WHERE bookId ' at line 1' in /home/ubuntu/workspace/cst352/finalproject/bookInfo.php:20
Stack trace:
#0 /home/ubuntu/workspace/cst352/finalproject/bookInfo.php(20): PDOStatement->execute()
#1 /home/ubuntu/workspace/cst352/finalproject/bookInfo.php(29): getBookInfo()
#2 {main}
  thrown in /home/ubuntu/workspace/cst352/finalproject/bookInfo.php on line 20
[11-Dec-2018 23:32:15 UTC] PHP Fatal error:  Uncaught exception 'PDOException' with message 'SQLSTATE[42000]: Syntax error or access violation: 1064 You have an error in your SQL syntax; check the manual that corresponds to your MySQL server version for the right syntax to use near 'picture, genre, author, bio
            FROM `b_book` 
            WHERE bookId ' at line 1' in /home/ubuntu/workspace/cst352/finalproject/bookInfo.php:20
Stack trace:
#0 /home/ubuntu/workspace/cst352/finalproject/bookInfo.php(20): PDOStatement->execute()
#1 /home/ubuntu/workspace/cst352/finalproject/bookInfo.php(29): getBookInfo()
#2 {main}
  thrown in /home/ubuntu/workspace/cst352/finalproject/bookInfo.php on line 20
[11-Dec-2018 23:40:11 UTC] PHP Fatal error:  Uncaught exception 'PDOException' with message 'SQLSTATE[42000]: Syntax error or access violation: 1064 You have an error in your SQL syntax; check the manual that corresponds to your MySQL server version for the right syntax to use near 'picture, genre, author, bio
            FROM `b_book` 
            WHERE bookId ' at line 1' in /home/ubuntu/workspace/cst352/finalproject/bookInfo.php:20
Stack trace:
#0 /home/ubuntu/workspace/cst352/finalproject/bookInfo.php(20): PDOStatement->execute()
#1 /home/ubuntu/workspace/cst352/finalproject/bookInfo.php(29): getBookInfo()
#2 {main}
  thrown in /home/ubuntu/workspace/cst352/finalproject/bookInfo.php on line 20
[11-Dec-2018 23:40:38 UTC] PHP Fatal error:  Uncaught exception 'PDOException' with message 'SQLSTATE[42000]: Syntax error or access violation: 1064 You have an error in your SQL syntax; check the manual that corresponds to your MySQL server version for the right syntax to use near 'picture, genre, author, bio
            FROM `b_book` 
            WHERE bookId ' at line 1' in /home/ubuntu/workspace/cst352/finalproject/bookInfo.php:20
Stack trace:
#0 /home/ubuntu/workspace/cst352/finalproject/bookInfo.php(20): PDOStatement->execute()
#1 /home/ubuntu/workspace/cst352/finalproject/bookInfo.php(29): getBookInfo()
#2 {main}
  thrown in /home/ubuntu/workspace/cst352/finalproject/bookInfo.php on line 20
[11-Dec-2018 23:42:34 UTC] PHP Fatal error:  Uncaught exception 'PDOException' with message 'SQLSTATE[42000]: Syntax error or access violation: 1064 You have an error in your SQL syntax; check the manual that corresponds to your MySQL server version for the right syntax to use near 'picture, genre, author, bio
            FROM `b_book` 
            WHERE bookId ' at line 1' in /home/ubuntu/workspace/cst352/finalproject/bookInfo.php:20
Stack trace:
#0 /home/ubuntu/workspace/cst352/finalproject/bookInfo.php(20): PDOStatement->execute()
#1 /home/ubuntu/workspace/cst352/finalproject/bookInfo.php(29): getBookInfo()
#2 {main}
  thrown in /home/ubuntu/workspace/cst352/finalproject/bookInfo.php on line 20
[11-Dec-2018 23:43:25 UTC] PHP Fatal error:  Uncaught exception 'PDOException' with message 'SQLSTATE[42000]: Syntax error or access violation: 1064 You have an error in your SQL syntax; check the manual that corresponds to your MySQL server version for the right syntax to use near 'picture, genre, author, bio
            FROM `b_book` 
            WHERE bookId ' at line 1' in /home/ubuntu/workspace/cst352/finalproject/bookInfo.php:20
Stack trace:
#0 /home/ubuntu/workspace/cst352/finalproject/bookInfo.php(20): PDOStatement->execute()
#1 /home/ubuntu/workspace/cst352/finalproject/bookInfo.php(29): getBookInfo()
#2 {main}
  thrown in /home/ubuntu/workspace/cst352/finalproject/bookInfo.php on line 20
[11-Dec-2018 23:49:08 UTC] PHP Fatal error:  Uncaught exception 'PDOException' with message 'SQLSTATE[42000]: Syntax error or access violation: 1064 You have an error in your SQL syntax; check the manual that corresponds to your MySQL server version for the right syntax to use near 'picture, genre, author, bio
            FROM `b_book` 
            WHERE bookId ' at line 1' in /home/ubuntu/workspace/cst352/finalproject/bookInfo.php:20
Stack trace:
#0 /home/ubuntu/workspace/cst352/finalproject/bookInfo.php(20): PDOStatement->execute()
#1 /home/ubuntu/workspace/cst352/finalproject/bookInfo.php(29): getBookInfo()
#2 {main}
  thrown in /home/ubuntu/workspace/cst352/finalproject/bookInfo.php on line 20
[11-Dec-2018 23:49:42 UTC] PHP Fatal error:  Uncaught exception 'PDOException' with message 'SQLSTATE[42000]: Syntax error or access violation: 1064 You have an error in your SQL syntax; check the manual that corresponds to your MySQL server version for the right syntax to use near 'picture, genre, author, bio
            FROM `b_book` 
            WHERE bookId ' at line 1' in /home/ubuntu/workspace/cst352/finalproject/bookInfo.php:20
Stack trace:
#0 /home/ubuntu/workspace/cst352/finalproject/bookInfo.php(20): PDOStatement->execute()
#1 /home/ubuntu/workspace/cst352/finalproject/bookInfo.php(29): getBookInfo()
#2 {main}
  thrown in /home/ubuntu/workspace/cst352/finalproject/bookInfo.php on line 20
[11-Dec-2018 23:49:46 UTC] PHP Fatal error:  Uncaught exception 'PDOException' with message 'SQLSTATE[42000]: Syntax error or access violation: 1064 You have an error in your SQL syntax; check the manual that corresponds to your MySQL server version for the right syntax to use near 'picture, genre, author, bio
            FROM `b_book` 
            WHERE bookId ' at line 1' in /home/ubuntu/workspace/cst352/finalproject/bookInfo.php:20
Stack trace:
#0 /home/ubuntu/workspace/cst352/finalproject/bookInfo.php(20): PDOStatement->execute()
#1 /home/ubuntu/workspace/cst352/finalproject/bookInfo.php(29): getBookInfo()
#2 {main}
  thrown in /home/ubuntu/workspace/cst352/finalproject/bookInfo.php on line 20
[11-Dec-2018 23:50:47 UTC] PHP Fatal error:  Uncaught exception 'PDOException' with message 'SQLSTATE[42000]: Syntax error or access violation: 1064 You have an error in your SQL syntax; check the manual that corresponds to your MySQL server version for the right syntax to use near 'picture, genre, author, bio
            FROM `b_book` 
            WHERE bookId ' at line 1' in /home/ubuntu/workspace/cst352/finalproject/bookInfo.php:20
Stack trace:
#0 /home/ubuntu/workspace/cst352/finalproject/bookInfo.php(20): PDOStatement->execute()
#1 /home/ubuntu/workspace/cst352/finalproject/bookInfo.php(29): getBookInfo()
#2 {main}
  thrown in /home/ubuntu/workspace/cst352/finalproject/bookInfo.php on line 20
[11-Dec-2018 23:51:27 UTC] PHP Fatal error:  Uncaught exception 'PDOException' with message 'SQLSTATE[42000]: Syntax error or access violation: 1064 You have an error in your SQL syntax; check the manual that corresponds to your MySQL server version for the right syntax to use near 'picture, genre, author, bio
            FROM `b_book` 
            WHERE bookId ' at line 1' in /home/ubuntu/workspace/cst352/finalproject/bookInfo.php:20
Stack trace:
#0 /home/ubuntu/workspace/cst352/finalproject/bookInfo.php(20): PDOStatement->execute()
#1 /home/ubuntu/workspace/cst352/finalproject/bookInfo.php(29): getBookInfo()
#2 {main}
  thrown in /home/ubuntu/workspace/cst352/finalproject/bookInfo.php on line 20
[11-Dec-2018 23:52:23 UTC] PHP Fatal error:  Uncaught exception 'PDOException' with message 'SQLSTATE[42000]: Syntax error or access violation: 1064 You have an error in your SQL syntax; check the manual that corresponds to your MySQL server version for the right syntax to use near 'picture, genre, author, bio
            FROM `b_book` 
            WHERE bookId ' at line 1' in /home/ubuntu/workspace/cst352/finalproject/bookInfo.php:20
Stack trace:
#0 /home/ubuntu/workspace/cst352/finalproject/bookInfo.php(20): PDOStatement->execute()
#1 /home/ubuntu/workspace/cst352/finalproject/bookInfo.php(29): getBookInfo()
#2 {main}
  thrown in /home/ubuntu/workspace/cst352/finalproject/bookInfo.php on line 20
[11-Dec-2018 23:52:30 UTC] PHP Fatal error:  Uncaught exception 'PDOException' with message 'SQLSTATE[42000]: Syntax error or access violation: 1064 You have an error in your SQL syntax; check the manual that corresponds to your MySQL server version for the right syntax to use near 'picture, genre, author, bio
            FROM `b_book` 
            WHERE bookId ' at line 1' in /home/ubuntu/workspace/cst352/finalproject/bookInfo.php:20
Stack trace:
#0 /home/ubuntu/workspace/cst352/finalproject/bookInfo.php(20): PDOStatement->execute()
#1 /home/ubuntu/workspace/cst352/finalproject/bookInfo.php(29): getBookInfo()
#2 {main}
  thrown in /home/ubuntu/workspace/cst352/finalproject/bookInfo.php on line 20
[11-Dec-2018 23:53:10 UTC] PHP Fatal error:  Uncaught exception 'PDOException' with message 'SQLSTATE[42000]: Syntax error or access violation: 1064 You have an error in your SQL syntax; check the manual that corresponds to your MySQL server version for the right syntax to use near 'picture, genre, author, bio
            FROM `b_book` 
            WHERE bookId ' at line 1' in /home/ubuntu/workspace/cst352/finalproject/bookInfo.php:20
Stack trace:
#0 /home/ubuntu/workspace/cst352/finalproject/bookInfo.php(20): PDOStatement->execute()
#1 /home/ubuntu/workspace/cst352/finalproject/bookInfo.php(29): getBookInfo()
#2 {main}
  thrown in /home/ubuntu/workspace/cst352/finalproject/bookInfo.php on line 20
[11-Dec-2018 23:53:40 UTC] PHP Fatal error:  Uncaught exception 'PDOException' with message 'SQLSTATE[42000]: Syntax error or access violation: 1064 You have an error in your SQL syntax; check the manual that corresponds to your MySQL server version for the right syntax to use near 'picture, genre, author, bio
            FROM `b_book` 
            WHERE bookId ' at line 1' in /home/ubuntu/workspace/cst352/finalproject/bookInfo.php:20
Stack trace:
#0 /home/ubuntu/workspace/cst352/finalproject/bookInfo.php(20): PDOStatement->execute()
#1 /home/ubuntu/workspace/cst352/finalproject/bookInfo.php(29): getBookInfo()
#2 {main}
  thrown in /home/ubuntu/workspace/cst352/finalproject/bookInfo.php on line 20
[12-Dec-2018 05:38:55 UTC] PHP Fatal error:  Uncaught exception 'PDOException' with message 'SQLSTATE[42000]: Syntax error or access violation: 1064 You have an error in your SQL syntax; check the manual that corresponds to your MySQL server version for the right syntax to use near 'picture, genre, author, bio
            FROM `b_book` 
            WHERE bookId ' at line 1' in /home/ubuntu/workspace/cst352/finalproject/bookInfo.php:20
Stack trace:
#0 /home/ubuntu/workspace/cst352/finalproject/bookInfo.php(20): PDOStatement->execute()
#1 /home/ubuntu/workspace/cst352/finalproject/bookInfo.php(29): getBookInfo()
#2 {main}
  thrown in /home/ubuntu/workspace/cst352/finalproject/bookInfo.php on line 20
[12-Dec-2018 05:41:04 UTC] PHP Fatal error:  Uncaught exception 'PDOException' with message 'SQLSTATE[42000]: Syntax error or access violation: 1064 You have an error in your SQL syntax; check the manual that corresponds to your MySQL server version for the right syntax to use near 'picture, genre, author, bio
            FROM `b_book` 
            WHERE bookId ' at line 1' in /home/ubuntu/workspace/cst352/finalproject/bookInfo.php:20
Stack trace:
#0 /home/ubuntu/workspace/cst352/finalproject/bookInfo.php(20): PDOStatement->execute()
#1 /home/ubuntu/workspace/cst352/finalproject/bookInfo.php(27): getBookInfo()
#2 {main}
  thrown in /home/ubuntu/workspace/cst352/finalproject/bookInfo.php on line 20
[12-Dec-2018 05:41:16 UTC] PHP Fatal error:  Uncaught exception 'PDOException' with message 'SQLSTATE[42000]: Syntax error or access violation: 1064 You have an error in your SQL syntax; check the manual that corresponds to your MySQL server version for the right syntax to use near 'picture, genre, author, bio
            FROM `b_book` 
            WHERE id = 2' at line 1' in /home/ubuntu/workspace/cst352/finalproject/bookInfo.php:20
Stack trace:
#0 /home/ubuntu/workspace/cst352/finalproject/bookInfo.php(20): PDOStatement->execute()
#1 /home/ubuntu/workspace/cst352/finalproject/bookInfo.php(27): getBookInfo()
#2 {main}
  thrown in /home/ubuntu/workspace/cst352/finalproject/bookInfo.php on line 20
[12-Dec-2018 05:41:49 UTC] PHP Fatal error:  Uncaught exception 'PDOException' with message 'SQLSTATE[42000]: Syntax error or access violation: 1064 You have an error in your SQL syntax; check the manual that corresponds to your MySQL server version for the right syntax to use near 'picture, genre, author, bio
            FROM `b_book` 
            WHERE id = 2' at line 1' in /home/ubuntu/workspace/cst352/finalproject/bookInfo.php:12
Stack trace:
#0 /home/ubuntu/workspace/cst352/finalproject/bookInfo.php(12): PDOStatement->execute()
#1 /home/ubuntu/workspace/cst352/finalproject/bookInfo.php(19): getBookInfo()
#2 {main}
  thrown in /home/ubuntu/workspace/cst352/finalproject/bookInfo.php on line 12
[12-Dec-2018 05:42:14 UTC] PHP Fatal error:  Uncaught exception 'PDOException' with message 'SQLSTATE[42000]: Syntax error or access violation: 1064 You have an error in your SQL syntax; check the manual that corresponds to your MySQL server version for the right syntax to use near 'bookId, picture, genre, author, bio
            FROM `b_book` 
            WHERE' at line 1' in /home/ubuntu/workspace/cst352/finalproject/bookInfo.php:12
Stack trace:
#0 /home/ubuntu/workspace/cst352/finalproject/bookInfo.php(12): PDOStatement->execute()
#1 /home/ubuntu/workspace/cst352/finalproject/bookInfo.php(19): getBookInfo()
#2 {main}
  thrown in /home/ubuntu/workspace/cst352/finalproject/bookInfo.php on line 12
[12-Dec-2018 06:21:13 UTC] PHP Fatal error:  Uncaught exception 'PDOException' with message 'SQLSTATE[42000]: Syntax error or access violation: 1064 You have an error in your SQL syntax; check the manual that corresponds to your MySQL server version for the right syntax to use near '' at line 3' in /home/ubuntu/workspace/cst352/finalproject/bookInfo.php:12
Stack trace:
#0 /home/ubuntu/workspace/cst352/finalproject/bookInfo.php(12): PDOStatement->execute()
#1 /home/ubuntu/workspace/cst352/finalproject/bookInfo.php(19): getBookInfo()
#2 {main}
  thrown in /home/ubuntu/workspace/cst352/finalproject/bookInfo.php on line 12
[12-Dec-2018 06:21:19 UTC] PHP Fatal error:  Uncaught exception 'PDOException' with message 'SQLSTATE[42000]: Syntax error or access violation: 1064 You have an error in your SQL syntax; check the manual that corresponds to your MySQL server version for the right syntax to use near '' at line 3' in /home/ubuntu/workspace/cst352/finalproject/bookInfo.php:12
Stack trace:
#0 /home/ubuntu/workspace/cst352/finalproject/bookInfo.php(12): PDOStatement->execute()
#1 /home/ubuntu/workspace/cst352/finalproject/bookInfo.php(19): getBookInfo()
#2 {main}
  thrown in /home/ubuntu/workspace/cst352/finalproject/bookInfo.php on line 12
[12-Dec-2018 06:21:22 UTC] PHP Fatal error:  Uncaught exception 'PDOException' with message 'SQLSTATE[42000]: Syntax error or access violation: 1064 You have an error in your SQL syntax; check the manual that corresponds to your MySQL server version for the right syntax to use near '' at line 3' in /home/ubuntu/workspace/cst352/finalproject/bookInfo.php:12
Stack trace:
#0 /home/ubuntu/workspace/cst352/finalproject/bookInfo.php(12): PDOStatement->execute()
#1 /home/ubuntu/workspace/cst352/finalproject/bookInfo.php(19): getBookInfo()
#2 {main}
  thrown in /home/ubuntu/workspace/cst352/finalproject/bookInfo.php on line 12
[12-Dec-2018 06:21:25 UTC] PHP Fatal error:  Uncaught exception 'PDOException' with message 'SQLSTATE[42000]: Syntax error or access violation: 1064 You have an error in your SQL syntax; check the manual that corresponds to your MySQL server version for the right syntax to use near '' at line 3' in /home/ubuntu/workspace/cst352/finalproject/bookInfo.php:12
Stack trace:
#0 /home/ubuntu/workspace/cst352/finalproject/bookInfo.php(12): PDOStatement->execute()
#1 /home/ubuntu/workspace/cst352/finalproject/bookInfo.php(19): getBookInfo()
#2 {main}
  thrown in /home/ubuntu/workspace/cst352/finalproject/bookInfo.php on line 12
[12-Dec-2018 20:11:37 UTC] PHP Fatal error:  Call to undefined function alert() in /home/ubuntu/workspace/cst352/finalproject/adminBooks.php on line 189
[12-Dec-2018 20:11:37 UTC] PHP Stack trace:
[12-Dec-2018 20:11:37 UTC] PHP   1. {main}() /home/ubuntu/workspace/cst352/finalproject/adminBooks.php:0
[12-Dec-2018 21:10:43 UTC] PHP Fatal error:  Uncaught exception 'PDOException' with message 'SQLSTATE[42000]: Syntax error or access violation: 1064 You have an error in your SQL syntax; check the manual that corresponds to your MySQL server version for the right syntax to use near '' at line 3' in /home/ubuntu/workspace/cst352/finalproject/bookInfo.php:14
Stack trace:
#0 /home/ubuntu/workspace/cst352/finalproject/bookInfo.php(14): PDOStatement->execute()
#1 /home/ubuntu/workspace/cst352/finalproject/bookInfo.php(20): displayBook()
#2 {main}
  thrown in /home/ubuntu/workspace/cst352/finalproject/bookInfo.php on line 14
[12-Dec-2018 21:10:45 UTC] PHP Fatal error:  Uncaught exception 'PDOException' with message 'SQLSTATE[42000]: Syntax error or access violation: 1064 You have an error in your SQL syntax; check the manual that corresponds to your MySQL server version for the right syntax to use near '' at line 3' in /home/ubuntu/workspace/cst352/finalproject/bookInfo.php:14
Stack trace:
#0 /home/ubuntu/workspace/cst352/finalproject/bookInfo.php(14): PDOStatement->execute()
#1 /home/ubuntu/workspace/cst352/finalproject/bookInfo.php(20): displayBook()
#2 {main}
  thrown in /home/ubuntu/workspace/cst352/finalproject/bookInfo.php on line 14
[12-Dec-2018 21:10:58 UTC] PHP Fatal error:  Uncaught exception 'PDOException' with message 'SQLSTATE[42000]: Syntax error or access violation: 1064 You have an error in your SQL syntax; check the manual that corresponds to your MySQL server version for the right syntax to use near '' at line 3' in /home/ubuntu/workspace/cst352/finalproject/bookInfo.php:14
Stack trace:
#0 /home/ubuntu/workspace/cst352/finalproject/bookInfo.php(14): PDOStatement->execute()
#1 /home/ubuntu/workspace/cst352/finalproject/bookInfo.php(20): displayBook()
#2 {main}
  thrown in /home/ubuntu/workspace/cst352/finalproject/bookInfo.php on line 14
[12-Dec-2018 21:11:00 UTC] PHP Fatal error:  Uncaught exception 'PDOException' with message 'SQLSTATE[42000]: Syntax error or access violation: 1064 You have an error in your SQL syntax; check the manual that corresponds to your MySQL server version for the right syntax to use near '' at line 3' in /home/ubuntu/workspace/cst352/finalproject/bookInfo.php:14
Stack trace:
#0 /home/ubuntu/workspace/cst352/finalproject/bookInfo.php(14): PDOStatement->execute()
#1 /home/ubuntu/workspace/cst352/finalproject/bookInfo.php(20): displayBook()
#2 {main}
  thrown in /home/ubuntu/workspace/cst352/finalproject/bookInfo.php on line 14
[12-Dec-2018 21:11:18 UTC] PHP Fatal error:  Uncaught exception 'PDOException' with message 'SQLSTATE[42S22]: Column not found: 1054 Unknown column 'id' in 'where clause'' in /home/ubuntu/workspace/cst352/finalproject/bookInfo.php:14
Stack trace:
#0 /home/ubuntu/workspace/cst352/finalproject/bookInfo.php(14): PDOStatement->execute()
#1 /home/ubuntu/workspace/cst352/finalproject/bookInfo.php(20): displayBook()
#2 {main}
  thrown in /home/ubuntu/workspace/cst352/finalproject/bookInfo.php on line 14
[12-Dec-2018 21:11:56 UTC] PHP Fatal error:  Uncaught exception 'PDOException' with message 'SQLSTATE[42000]: Syntax error or access violation: 1064 You have an error in your SQL syntax; check the manual that corresponds to your MySQL server version for the right syntax to use near '' at line 3' in /home/ubuntu/workspace/cst352/finalproject/bookInfo.php:14
Stack trace:
#0 /home/ubuntu/workspace/cst352/finalproject/bookInfo.php(14): PDOStatement->execute()
#1 /home/ubuntu/workspace/cst352/finalproject/bookInfo.php(20): displayBook()
#2 {main}
  thrown in /home/ubuntu/workspace/cst352/finalproject/bookInfo.php on line 14
[12-Dec-2018 21:12:08 UTC] PHP Fatal error:  Uncaught exception 'PDOException' with message 'SQLSTATE[42000]: Syntax error or access violation: 1064 You have an error in your SQL syntax; check the manual that corresponds to your MySQL server version for the right syntax to use near '' at line 3' in /home/ubuntu/workspace/cst352/finalproject/bookInfo.php:14
Stack trace:
#0 /home/ubuntu/workspace/cst352/finalproject/bookInfo.php(14): PDOStatement->execute()
#1 /home/ubuntu/workspace/cst352/finalproject/bookInfo.php(20): displayBook()
#2 {main}
  thrown in /home/ubuntu/workspace/cst352/finalproject/bookInfo.php on line 14
[12-Dec-2018 21:23:05 UTC] PHP Fatal error:  Uncaught exception 'PDOException' with message 'SQLSTATE[42000]: Syntax error or access violation: 1064 You have an error in your SQL syntax; check the manual that corresponds to your MySQL server version for the right syntax to use near '' at line 3' in /home/ubuntu/workspace/cst352/finalproject/bookInfo.php:12
Stack trace:
#0 /home/ubuntu/workspace/cst352/finalproject/bookInfo.php(12): PDOStatement->execute()
#1 /home/ubuntu/workspace/cst352/finalproject/bookInfo.php(19): getBookInfo()
#2 {main}
  thrown in /home/ubuntu/workspace/cst352/finalproject/bookInfo.php on line 12
[12-Dec-2018 21:23:48 UTC] PHP Fatal error:  Uncaught exception 'PDOException' with message 'SQLSTATE[42000]: Syntax error or access violation: 1064 You have an error in your SQL syntax; check the manual that corresponds to your MySQL server version for the right syntax to use near '' at line 3' in /home/ubuntu/workspace/cst352/finalproject/bookInfo.php:12
Stack trace:
#0 /home/ubuntu/workspace/cst352/finalproject/bookInfo.php(12): PDOStatement->execute()
#1 /home/ubuntu/workspace/cst352/finalproject/bookInfo.php(19): getBookInfo()
#2 {main}
  thrown in /home/ubuntu/workspace/cst352/finalproject/bookInfo.php on line 12
[12-Dec-2018 21:24:13 UTC] PHP Fatal error:  Uncaught exception 'PDOException' with message 'SQLSTATE[42000]: Syntax error or access violation: 1064 You have an error in your SQL syntax; check the manual that corresponds to your MySQL server version for the right syntax to use near '' at line 3' in /home/ubuntu/workspace/cst352/finalproject/bookInfo.php:12
Stack trace:
#0 /home/ubuntu/workspace/cst352/finalproject/bookInfo.php(12): PDOStatement->execute()
#1 /home/ubuntu/workspace/cst352/finalproject/bookInfo.php(19): getBookInfo()
#2 {main}
  thrown in /home/ubuntu/workspace/cst352/finalproject/bookInfo.php on line 12
[12-Dec-2018 21:39:25 UTC] PHP Parse error:  syntax error, unexpected '$book' (T_VARIABLE), expecting ',' or ';' in /home/ubuntu/workspace/cst352/finalproject/books.php on line 24
[12-Dec-2018 22:11:54 UTC] PHP Parse error:  syntax error, unexpected '$topRating' (T_VARIABLE), expecting ',' or ';' in /home/ubuntu/workspace/cst352/finalproject/adminBooks.php on line 213
[12-Dec-2018 22:12:28 UTC] PHP Parse error:  syntax error, unexpected '$topRating' (T_VARIABLE), expecting ',' or ';' in /home/ubuntu/workspace/cst352/finalproject/adminBooks.php on line 213
[13-Dec-2018 03:24:16 UTC] PHP Parse error:  syntax error, unexpected 'else' (T_ELSE) in /home/ubuntu/workspace/cst352/finalproject/orderBook.php on line 30
[13-Dec-2018 03:24:39 UTC] PHP Parse error:  syntax error, unexpected 'else' (T_ELSE) in /home/ubuntu/workspace/cst352/finalproject/orderBook.php on line 29
[13-Dec-2018 03:25:48 UTC] PHP Parse error:  syntax error, unexpected 'elseif' (T_ELSEIF) in /home/ubuntu/workspace/cst352/finalproject/orderBook.php on line 29
[13-Dec-2018 03:26:24 UTC] PHP Parse error:  syntax error, unexpected 'elseif' (T_ELSEIF) in /home/ubuntu/workspace/cst352/finalproject/orderBook.php on line 29
[13-Dec-2018 03:27:30 UTC] PHP Parse error:  syntax error, unexpected 'elseif' (T_ELSEIF) in /home/ubuntu/workspace/cst352/finalproject/orderBook.php on line 29
[13-Dec-2018 03:29:36 UTC] PHP Parse error:  syntax error, unexpected 'elseif' (T_ELSEIF) in /home/ubuntu/workspace/cst352/finalproject/orderBook.php on line 29
[13-Dec-2018 03:29:38 UTC] PHP Parse error:  syntax error, unexpected 'elseif' (T_ELSEIF) in /home/ubuntu/workspace/cst352/finalproject/orderBook.php on line 29
[13-Dec-2018 03:29:51 UTC] PHP Parse error:  syntax error, unexpected 'elseif' (T_ELSEIF) in /home/ubuntu/workspace/cst352/finalproject/orderBook.php on line 29
[13-Dec-2018 03:33:38 UTC] PHP Parse error:  syntax error, unexpected ')' in /home/ubuntu/workspace/cst352/finalproject/orderBook.php on line 52
[13-Dec-2018 04:04:43 UTC] PHP Fatal error:  Cannot use isset() on the result of an expression (you can use "null !== expression" instead) in /home/ubuntu/workspace/cst352/finalproject/orderBook.php on line 32
[13-Dec-2018 04:39:32 UTC] PHP Fatal error:  Call to undefined function displayDescOrderBooks() in /home/ubuntu/workspace/cst352/finalproject/orderDescBook.php on line 90
[13-Dec-2018 04:39:32 UTC] PHP Stack trace:
[13-Dec-2018 04:39:32 UTC] PHP   1. {main}() /home/ubuntu/workspace/cst352/finalproject/orderDescBook.php:0
[13-Dec-2018 05:53:16 UTC] PHP Fatal error:  Call to undefined function displayAllBooks() in /home/ubuntu/workspace/cst352/finalproject/search.php on line 146
[13-Dec-2018 05:53:16 UTC] PHP Stack trace:
[13-Dec-2018 05:53:16 UTC] PHP   1. {main}() /home/ubuntu/workspace/cst352/finalproject/search.php:0
