[25-Oct-2018 16:42:31 UTC] PHP Parse error:  syntax error, unexpected '$_GET' (T_VARIABLE), expecting '(' in /home/ubuntu/workspace/exams/midterm/program1.php on line 9
[25-Oct-2018 16:43:06 UTC] PHP Parse error:  syntax error, unexpected 'for' (T_FOR), expecting ',' or ';' in /home/ubuntu/workspace/exams/midterm/program1.php on line 16
[25-Oct-2018 17:58:47 UTC] PHP Parse error:  syntax error, unexpected end of file in /home/ubuntu/workspace/exams/midterm/program1.php on line 233
[25-Oct-2018 17:58:57 UTC] PHP Parse error:  syntax error, unexpected end of file in /home/ubuntu/workspace/exams/midterm/program1.php on line 233
[25-Oct-2018 18:00:15 UTC] PHP Parse error:  syntax error, unexpected end of file in /home/ubuntu/workspace/exams/midterm/program1.php on line 233
[25-Oct-2018 18:00:16 UTC] PHP Parse error:  syntax error, unexpected end of file in /home/ubuntu/workspace/exams/midterm/program1.php on line 233
[25-Oct-2018 18:20:22 UTC] PHP Warning:  include(../../sqlConnection.php): failed to open stream: No such file or directory in /home/ubuntu/workspace/exams/midterm/program2.php on line 2
[25-Oct-2018 18:20:22 UTC] PHP Stack trace:
[25-Oct-2018 18:20:22 UTC] PHP   1. {main}() /home/ubuntu/workspace/exams/midterm/program2.php:0
[25-Oct-2018 18:20:22 UTC] PHP Warning:  include(): Failed opening '../../sqlConnection.php' for inclusion (include_path='.:/usr/share/php:/usr/share/pear') in /home/ubuntu/workspace/exams/midterm/program2.php on line 2
[25-Oct-2018 18:20:22 UTC] PHP Stack trace:
[25-Oct-2018 18:20:22 UTC] PHP   1. {main}() /home/ubuntu/workspace/exams/midterm/program2.php:0
[25-Oct-2018 18:20:22 UTC] PHP Fatal error:  Call to undefined function getConnection() in /home/ubuntu/workspace/exams/midterm/program2.php on line 3
[25-Oct-2018 18:20:22 UTC] PHP Stack trace:
[25-Oct-2018 18:20:22 UTC] PHP   1. {main}() /home/ubuntu/workspace/exams/midterm/program2.php:0
[25-Oct-2018 18:21:00 UTC] PHP Warning:  include(../sqlConnection.php): failed to open stream: No such file or directory in /home/ubuntu/workspace/exams/midterm/program2.php on line 2
[25-Oct-2018 18:21:00 UTC] PHP Stack trace:
[25-Oct-2018 18:21:00 UTC] PHP   1. {main}() /home/ubuntu/workspace/exams/midterm/program2.php:0
[25-Oct-2018 18:21:00 UTC] PHP Warning:  include(): Failed opening '../sqlConnection.php' for inclusion (include_path='.:/usr/share/php:/usr/share/pear') in /home/ubuntu/workspace/exams/midterm/program2.php on line 2
[25-Oct-2018 18:21:00 UTC] PHP Stack trace:
[25-Oct-2018 18:21:00 UTC] PHP   1. {main}() /home/ubuntu/workspace/exams/midterm/program2.php:0
[25-Oct-2018 18:21:00 UTC] PHP Fatal error:  Call to undefined function getConnection() in /home/ubuntu/workspace/exams/midterm/program2.php on line 3
[25-Oct-2018 18:21:00 UTC] PHP Stack trace:
[25-Oct-2018 18:21:00 UTC] PHP   1. {main}() /home/ubuntu/workspace/exams/midterm/program2.php:0
[25-Oct-2018 18:21:21 UTC] PHP Warning:  include(../../../sqlConnection.php): failed to open stream: No such file or directory in /home/ubuntu/workspace/exams/midterm/program2.php on line 2
[25-Oct-2018 18:21:21 UTC] PHP Stack trace:
[25-Oct-2018 18:21:21 UTC] PHP   1. {main}() /home/ubuntu/workspace/exams/midterm/program2.php:0
[25-Oct-2018 18:21:21 UTC] PHP Warning:  include(): Failed opening '../../../sqlConnection.php' for inclusion (include_path='.:/usr/share/php:/usr/share/pear') in /home/ubuntu/workspace/exams/midterm/program2.php on line 2
[25-Oct-2018 18:21:21 UTC] PHP Stack trace:
[25-Oct-2018 18:21:21 UTC] PHP   1. {main}() /home/ubuntu/workspace/exams/midterm/program2.php:0
[25-Oct-2018 18:21:21 UTC] PHP Fatal error:  Call to undefined function getConnection() in /home/ubuntu/workspace/exams/midterm/program2.php on line 3
[25-Oct-2018 18:21:21 UTC] PHP Stack trace:
[25-Oct-2018 18:21:21 UTC] PHP   1. {main}() /home/ubuntu/workspace/exams/midterm/program2.php:0
[25-Oct-2018 18:22:08 UTC] PHP Warning:  include(../../../../sqlConnection.php): failed to open stream: No such file or directory in /home/ubuntu/workspace/exams/midterm/program2.php on line 2
[25-Oct-2018 18:22:08 UTC] PHP Stack trace:
[25-Oct-2018 18:22:08 UTC] PHP   1. {main}() /home/ubuntu/workspace/exams/midterm/program2.php:0
[25-Oct-2018 18:22:08 UTC] PHP Warning:  include(): Failed opening '../../../../sqlConnection.php' for inclusion (include_path='.:/usr/share/php:/usr/share/pear') in /home/ubuntu/workspace/exams/midterm/program2.php on line 2
[25-Oct-2018 18:22:08 UTC] PHP Stack trace:
[25-Oct-2018 18:22:08 UTC] PHP   1. {main}() /home/ubuntu/workspace/exams/midterm/program2.php:0
[25-Oct-2018 18:22:08 UTC] PHP Fatal error:  Call to undefined function getConnection() in /home/ubuntu/workspace/exams/midterm/program2.php on line 3
[25-Oct-2018 18:22:08 UTC] PHP Stack trace:
[25-Oct-2018 18:22:08 UTC] PHP   1. {main}() /home/ubuntu/workspace/exams/midterm/program2.php:0
[25-Oct-2018 18:22:38 UTC] PHP Warning:  include(../../../sqlConnection.php): failed to open stream: No such file or directory in /home/ubuntu/workspace/cst352/exams/midterm/program2.php on line 2
[25-Oct-2018 18:22:38 UTC] PHP Stack trace:
[25-Oct-2018 18:22:38 UTC] PHP   1. {main}() /home/ubuntu/workspace/cst352/exams/midterm/program2.php:0
[25-Oct-2018 18:22:38 UTC] PHP Warning:  include(): Failed opening '../../../sqlConnection.php' for inclusion (include_path='.:/usr/share/php:/usr/share/pear') in /home/ubuntu/workspace/cst352/exams/midterm/program2.php on line 2
[25-Oct-2018 18:22:38 UTC] PHP Stack trace:
[25-Oct-2018 18:22:38 UTC] PHP   1. {main}() /home/ubuntu/workspace/cst352/exams/midterm/program2.php:0
[25-Oct-2018 18:22:38 UTC] PHP Fatal error:  Call to undefined function getConnection() in /home/ubuntu/workspace/cst352/exams/midterm/program2.php on line 3
[25-Oct-2018 18:22:38 UTC] PHP Stack trace:
[25-Oct-2018 18:22:38 UTC] PHP   1. {main}() /home/ubuntu/workspace/cst352/exams/midterm/program2.php:0
[25-Oct-2018 18:25:42 UTC] PHP Fatal error:  Uncaught exception 'PDOException' with message 'SQLSTATE[42000]: Syntax error or access violation: 1064 You have an error in your SQL syntax; check the manual that corresponds to your MySQL server version for the right syntax to use near 'WHERE authorId =' at line 4' in /home/ubuntu/workspace/cst352/exams/midterm/program2.php:12
Stack trace:
#0 /home/ubuntu/workspace/cst352/exams/midterm/program2.php(12): PDOStatement->execute()
#1 /home/ubuntu/workspace/cst352/exams/midterm/program2.php(32): notUsaMale()
#2 {main}
  thrown in /home/ubuntu/workspace/cst352/exams/midterm/program2.php on line 12
[25-Oct-2018 18:26:32 UTC] PHP Fatal error:  Uncaught exception 'PDOException' with message 'SQLSTATE[42000]: Syntax error or access violation: 1064 You have an error in your SQL syntax; check the manual that corresponds to your MySQL server version for the right syntax to use near 'WHERE authorId =' at line 4' in /home/ubuntu/workspace/cst352/exams/midterm/program2.php:13
Stack trace:
#0 /home/ubuntu/workspace/cst352/exams/midterm/program2.php(13): PDOStatement->execute()
#1 /home/ubuntu/workspace/cst352/exams/midterm/program2.php(33): notUsaMale()
#2 {main}
  thrown in /home/ubuntu/workspace/cst352/exams/midterm/program2.php on line 13
[25-Oct-2018 18:26:33 UTC] PHP Fatal error:  Uncaught exception 'PDOException' with message 'SQLSTATE[42000]: Syntax error or access violation: 1064 You have an error in your SQL syntax; check the manual that corresponds to your MySQL server version for the right syntax to use near 'WHERE authorId =' at line 4' in /home/ubuntu/workspace/cst352/exams/midterm/program2.php:13
Stack trace:
#0 /home/ubuntu/workspace/cst352/exams/midterm/program2.php(13): PDOStatement->execute()
#1 /home/ubuntu/workspace/cst352/exams/midterm/program2.php(33): notUsaMale()
#2 {main}
  thrown in /home/ubuntu/workspace/cst352/exams/midterm/program2.php on line 13
[25-Oct-2018 18:27:05 UTC] PHP Fatal error:  Call to undefined function notUsaMale() in /home/ubuntu/workspace/cst352/exams/midterm/program2.php on line 36
[25-Oct-2018 18:27:05 UTC] PHP Stack trace:
[25-Oct-2018 18:27:05 UTC] PHP   1. {main}() /home/ubuntu/workspace/cst352/exams/midterm/program2.php:0
[25-Oct-2018 18:27:07 UTC] PHP Fatal error:  Call to undefined function notUsaMale() in /home/ubuntu/workspace/cst352/exams/midterm/program2.php on line 36
[25-Oct-2018 18:27:07 UTC] PHP Stack trace:
[25-Oct-2018 18:27:07 UTC] PHP   1. {main}() /home/ubuntu/workspace/cst352/exams/midterm/program2.php:0
[25-Oct-2018 18:27:23 UTC] PHP Fatal error:  Uncaught exception 'PDOException' with message 'SQLSTATE[42000]: Syntax error or access violation: 1064 You have an error in your SQL syntax; check the manual that corresponds to your MySQL server version for the right syntax to use near '' at line 1' in /home/ubuntu/workspace/cst352/exams/midterm/program2.php:13
Stack trace:
#0 /home/ubuntu/workspace/cst352/exams/midterm/program2.php(13): PDOStatement->execute()
#1 /home/ubuntu/workspace/cst352/exams/midterm/program2.php(36): displayAuthorInfo()
#2 {main}
  thrown in /home/ubuntu/workspace/cst352/exams/midterm/program2.php on line 13
[25-Oct-2018 18:27:54 UTC] PHP Fatal error:  Uncaught exception 'PDOException' with message 'SQLSTATE[42000]: Syntax error or access violation: 1064 You have an error in your SQL syntax; check the manual that corresponds to your MySQL server version for the right syntax to use near '' at line 1' in /home/ubuntu/workspace/cst352/exams/midterm/program2.php:14
Stack trace:
#0 /home/ubuntu/workspace/cst352/exams/midterm/program2.php(14): PDOStatement->execute()
#1 /home/ubuntu/workspace/cst352/exams/midterm/program2.php(36): displayAuthorInfo()
#2 {main}
  thrown in /home/ubuntu/workspace/cst352/exams/midterm/program2.php on line 14
[25-Oct-2018 18:33:19 UTC] PHP Fatal error:  Uncaught exception 'PDOException' with message 'SQLSTATE[42000]: Syntax error or access violation: 1064 You have an error in your SQL syntax; check the manual that corresponds to your MySQL server version for the right syntax to use near 'WHERE gender = M' at line 4' in /home/ubuntu/workspace/cst352/exams/midterm/program2.php:14
Stack trace:
#0 /home/ubuntu/workspace/cst352/exams/midterm/program2.php(14): PDOStatement->execute()
#1 /home/ubuntu/workspace/cst352/exams/midterm/program2.php(38): displayAllQuotes()
#2 {main}
  thrown in /home/ubuntu/workspace/cst352/exams/midterm/program2.php on line 14
[25-Oct-2018 18:39:41 UTC] PHP Parse error:  syntax error, unexpected '' (T_ENCAPSED_AND_WHITESPACE), expecting identifier (T_STRING) or variable (T_VARIABLE) or number (T_NUM_STRING) in /home/ubuntu/workspace/cst352/exams/midterm/program2.php on line 23
[25-Oct-2018 18:42:27 UTC] PHP Fatal error:  Uncaught exception 'PDOException' with message 'SQLSTATE[42000]: Syntax error or access violation: 1064 You have an error in your SQL syntax; check the manual that corresponds to your MySQL server version for the right syntax to use near ' country <> 'USA'
              ORDER BY lastName' at line 3' in /home/ubuntu/workspace/cst352/exams/midterm/program2.php:15
Stack trace:
#0 /home/ubuntu/workspace/cst352/exams/midterm/program2.php(15): PDOStatement->execute()
#1 /home/ubuntu/workspace/cst352/exams/midterm/program2.php(39): displayAllQuotes()
#2 {main}
  thrown in /home/ubuntu/workspace/cst352/exams/midterm/program2.php on line 15
[25-Oct-2018 18:42:45 UTC] PHP Fatal error:  Uncaught exception 'PDOException' with message 'SQLSTATE[42000]: Syntax error or access violation: 1064 You have an error in your SQL syntax; check the manual that corresponds to your MySQL server version for the right syntax to use near ' country != 'USA'
              ORDER BY lastName' at line 3' in /home/ubuntu/workspace/cst352/exams/midterm/program2.php:15
Stack trace:
#0 /home/ubuntu/workspace/cst352/exams/midterm/program2.php(15): PDOStatement->execute()
#1 /home/ubuntu/workspace/cst352/exams/midterm/program2.php(39): displayAllQuotes()
#2 {main}
  thrown in /home/ubuntu/workspace/cst352/exams/midterm/program2.php on line 15
[25-Oct-2018 18:43:20 UTC] PHP Fatal error:  Uncaught exception 'PDOException' with message 'SQLSTATE[42000]: Syntax error or access violation: 1064 You have an error in your SQL syntax; check the manual that corresponds to your MySQL server version for the right syntax to use near 'WHERE country != 'USA'
              ORDER BY lastName' at line 4' in /home/ubuntu/workspace/cst352/exams/midterm/program2.php:16
Stack trace:
#0 /home/ubuntu/workspace/cst352/exams/midterm/program2.php(16): PDOStatement->execute()
#1 /home/ubuntu/workspace/cst352/exams/midterm/program2.php(40): displayAllQuotes()
#2 {main}
  thrown in /home/ubuntu/workspace/cst352/exams/midterm/program2.php on line 16
[25-Oct-2018 18:43:34 UTC] PHP Parse error:  syntax error, unexpected 'USA' (T_STRING) in /home/ubuntu/workspace/cst352/exams/midterm/program2.php on line 12
[25-Oct-2018 18:46:51 UTC] PHP Fatal error:  Uncaught exception 'PDOException' with message 'SQLSTATE[42000]: Syntax error or access violation: 1064 You have an error in your SQL syntax; check the manual that corresponds to your MySQL server version for the right syntax to use near 'desc' at line 4' in /home/ubuntu/workspace/cst352/exams/midterm/program2.php:14
Stack trace:
#0 /home/ubuntu/workspace/cst352/exams/midterm/program2.php(14): PDOStatement->execute()
#1 /home/ubuntu/workspace/cst352/exams/midterm/program2.php(55): showL()
#2 {main}
  thrown in /home/ubuntu/workspace/cst352/exams/midterm/program2.php on line 14
[25-Oct-2018 18:50:07 UTC] PHP Fatal error:  Uncaught exception 'PDOException' with message 'SQLSTATE[42000]: Syntax error or access violation: 1064 You have an error in your SQL syntax; check the manual that corresponds to your MySQL server version for the right syntax to use near 'LENGTH (0,5)' at line 4' in /home/ubuntu/workspace/cst352/exams/midterm/program2.php:54
Stack trace:
#0 /home/ubuntu/workspace/cst352/exams/midterm/program2.php(54): PDOStatement->execute()
#1 /home/ubuntu/workspace/cst352/exams/midterm/program2.php(77): fifthQuote()
#2 {main}
  thrown in /home/ubuntu/workspace/cst352/exams/midterm/program2.php on line 54
[25-Oct-2018 18:51:18 UTC] PHP Fatal error:  Uncaught exception 'PDOException' with message 'SQLSTATE[42000]: Syntax error or access violation: 1064 You have an error in your SQL syntax; check the manual that corresponds to your MySQL server version for the right syntax to use near 'LENGTH (0,5)' at line 4' in /home/ubuntu/workspace/cst352/exams/midterm/program2.php:54
Stack trace:
#0 /home/ubuntu/workspace/cst352/exams/midterm/program2.php(54): PDOStatement->execute()
#1 /home/ubuntu/workspace/cst352/exams/midterm/program2.php(77): fifthQuote()
#2 {main}
  thrown in /home/ubuntu/workspace/cst352/exams/midterm/program2.php on line 54
